  Building Custom Rule C:/Mac/Home/Documents/bullet3/src/BulletDynamics/CMakeLists.txt
C:\Program Files\Microsoft Visual Studio\2022\Community\MSBuild\Microsoft\VC\v170\Microsoft.CppCommon.targets(254,5): warning MSB8064: "C:\Mac\Home\Documents\bullet3\src\BulletDynamics\CMakeLists.txt" 항목에 대한 사용자 지정 빌드에 성공했지만 지정한 종속성 "c:\mac\home\documents\bullet3\src\bulletdynamics\cmakelists.txt"이(가) 없습니다. 이 오류로 인해 증분 빌드가 제대로 작동하지 않을 수 있습니다.
C:\Program Files\Microsoft Visual Studio\2022\Community\MSBuild\Microsoft\VC\v170\Microsoft.CppCommon.targets(254,5): warning MSB8065: "C:\Mac\Home\Documents\bullet3\src\BulletDynamics\CMakeLists.txt" 항목에 대한 사용자 지정 빌드에 성공했지만 지정한 출력 "c:\mac\home\documents\bullet3\build\src\bulletdynamics\cmakefiles\generate.stamp"이(가) 생성되지 않았습니다. 이 오류로 인해 증분 빌드가 제대로 작동하지 않을 수 있습니다.
  btKinematicCharacterController.cpp
  btConeTwistConstraint.cpp
  btContactConstraint.cpp
  btFixedConstraint.cpp
  btGearConstraint.cpp
  btGeneric6DofConstraint.cpp
  btGeneric6DofSpringConstraint.cpp
  btGeneric6DofSpring2Constraint.cpp
  btHinge2Constraint.cpp
  btHingeConstraint.cpp
  btPoint2PointConstraint.cpp
  btSequentialImpulseConstraintSolver.cpp
  btSequentialImpulseConstraintSolverMt.cpp
  btBatchedConstraints.cpp
  btNNCGConstraintSolver.cpp
  btSliderConstraint.cpp
  btSolve2LinearConstraint.cpp
  btTypedConstraint.cpp
  btUniversalConstraint.cpp
  btDiscreteDynamicsWorld.cpp
  코드를 생성하고 있습니다...
  컴파일하고 있습니다...
  btDiscreteDynamicsWorldMt.cpp
  btSimulationIslandManagerMt.cpp
  btRigidBody.cpp
  btSimpleDynamicsWorld.cpp
  btRaycastVehicle.cpp
  btWheelInfo.cpp
  btMultiBody.cpp
  btMultiBodyConstraint.cpp
  btMultiBodyConstraintSolver.cpp
  btMultiBodyDynamicsWorld.cpp
  btMultiBodyFixedConstraint.cpp
  btMultiBodyGearConstraint.cpp
C:\Mac\Home\Documents\bullet3\src\LinearMath\btAlignedObjectArray.h(20,10): error C1083: 포함 파일을 열 수 없습니다. 'btAlignedAllocator.h': No such file or directory
  btMultiBodyJointLimitConstraint.cpp
  (소스 파일 '../../../src/BulletDynamics/Featherstone/btMultiBodyGearConstraint.cpp'을(를) 컴파일하는 중)
  
  btMultiBodyJointMotor.cpp
  btMultiBodyMLCPConstraintSolver.cpp
  btMultiBodyPoint2Point.cpp
  btMultiBodySliderConstraint.cpp
  btMultiBodySphericalJointMotor.cpp
  btMultiBodySphericalJointLimit.cpp
  btDantzigLCP.cpp
  코드를 생성하고 있습니다...
  컴파일하고 있습니다...
  btMLCPSolver.cpp
  btLemkeAlgorithm.cpp
C:\Mac\Home\Documents\bullet3\src\BulletDynamics\MLCPSolvers\btLemkeAlgorithm.h(1,1): warning C4819: 현재 코드 페이지(949)에서 표시할 수 없는 문자가 파일에 들어 있습니다. 데이터가 손실되지 않게 하려면 해당 파일을 유니코드 형식으로 저장하십시오.
  (소스 파일 '../../../src/BulletDynamics/MLCPSolvers/btLemkeAlgorithm.cpp'을(를) 컴파일하는 중)
  
  코드를 생성하고 있습니다...
