  filetobuf.cpp
  main.cpp
C:\Users\user\Documents\GitHub\NetworkGameProgramming_Project\KarKartrider\KarKartrider\LoadMtl.h(92,23): error C2429: 언어 기능 '구조적 바인딩'에 컴파일러 플래그 '/std:c++17'이(가) 필요합니다.
  (소스 파일 'main.cpp'을(를) 컴파일하는 중)
  
C:\Users\user\Documents\GitHub\NetworkGameProgramming_Project\KarKartrider\KarKartrider\DefaultModel.h(27,79): error C7518: fold 식에는 '/std:c++17' 이상이 필요합니다.
  (소스 파일 'main.cpp'을(를) 컴파일하는 중)
      C:\Users\user\Documents\GitHub\NetworkGameProgramming_Project\KarKartrider\KarKartrider\DefaultModel.h(25,17):
      이 진단은 컴파일러 생성 함수 'size_t TupleHash::operator ()(const std::tuple<_Types...> &) const'에서 수행되었습니다.
  
C:\Users\user\Documents\GitHub\NetworkGameProgramming_Project\KarKartrider\KarKartrider\DefaultModel.h(27,14): error C2039: 'apply': 'std'의 멤버가 아닙니다.
  (소스 파일 'main.cpp'을(를) 컴파일하는 중)
      C:\Program Files\Microsoft Visual Studio\2022\Community\VC\Tools\MSVC\14.44.35207\include\sstream(19,1):
      'std' 선언을 참조하십시오.
      C:\Users\user\Documents\GitHub\NetworkGameProgramming_Project\KarKartrider\KarKartrider\DefaultModel.h(25,17):
      이 진단은 컴파일러 생성 함수 'size_t TupleHash::operator ()(const std::tuple<_Types...> &) const'에서 수행되었습니다.
  
C:\Users\user\Documents\GitHub\NetworkGameProgramming_Project\KarKartrider\KarKartrider\DefaultModel.h(66,31): error C2429: 언어 기능 '구조적 바인딩'에 컴파일러 플래그 '/std:c++17'이(가) 필요합니다.
  (소스 파일 'main.cpp'을(를) 컴파일하는 중)
  
C:\Users\user\Documents\GitHub\NetworkGameProgramming_Project\KarKartrider\KarKartrider\DefaultModel.h(214,21): error C2429: 언어 기능 '구조적 바인딩'에 컴파일러 플래그 '/std:c++17'이(가) 필요합니다.
  (소스 파일 'main.cpp'을(를) 컴파일하는 중)
  
C:\Users\user\Documents\GitHub\NetworkGameProgramming_Project\KarKartrider\KarKartrider\DefaultModel.h(218,13): error C2198: 'PFNGLBUFFERDATAPROC': 호출에 인수가 너무 적습니다.
  (소스 파일 'main.cpp'을(를) 컴파일하는 중)
  
C:\Users\user\Documents\GitHub\NetworkGameProgramming_Project\KarKartrider\KarKartrider\RoadModel.h(50,31): error C2429: 언어 기능 '구조적 바인딩'에 컴파일러 플래그 '/std:c++17'이(가) 필요합니다.
  (소스 파일 'main.cpp'을(를) 컴파일하는 중)
  
C:\Users\user\Documents\GitHub\NetworkGameProgramming_Project\KarKartrider\KarKartrider\RoadModel.h(196,21): error C2429: 언어 기능 '구조적 바인딩'에 컴파일러 플래그 '/std:c++17'이(가) 필요합니다.
  (소스 파일 'main.cpp'을(를) 컴파일하는 중)
  
C:\Users\user\Documents\GitHub\NetworkGameProgramming_Project\KarKartrider\KarKartrider\RoadModel.h(200,13): error C2198: 'PFNGLBUFFERDATAPROC': 호출에 인수가 너무 적습니다.
  (소스 파일 'main.cpp'을(를) 컴파일하는 중)
  
C:\Users\user\Documents\GitHub\NetworkGameProgramming_Project\KarKartrider\KarKartrider\KartModel.h(50,31): error C2429: 언어 기능 '구조적 바인딩'에 컴파일러 플래그 '/std:c++17'이(가) 필요합니다.
  (소스 파일 'main.cpp'을(를) 컴파일하는 중)
  
C:\Users\user\Documents\GitHub\NetworkGameProgramming_Project\KarKartrider\KarKartrider\KartModel.h(195,21): error C2429: 언어 기능 '구조적 바인딩'에 컴파일러 플래그 '/std:c++17'이(가) 필요합니다.
  (소스 파일 'main.cpp'을(를) 컴파일하는 중)
  
C:\Users\user\Documents\GitHub\NetworkGameProgramming_Project\KarKartrider\KarKartrider\KartModel.h(199,13): error C2198: 'PFNGLBUFFERDATAPROC': 호출에 인수가 너무 적습니다.
  (소스 파일 'main.cpp'을(를) 컴파일하는 중)
  
C:\Users\user\Documents\GitHub\NetworkGameProgramming_Project\KarKartrider\KarKartrider\CharacterModel.h(51,31): error C2429: 언어 기능 '구조적 바인딩'에 컴파일러 플래그 '/std:c++17'이(가) 필요합니다.
  (소스 파일 'main.cpp'을(를) 컴파일하는 중)
  
C:\Users\user\Documents\GitHub\NetworkGameProgramming_Project\KarKartrider\KarKartrider\CharacterModel.h(196,21): error C2429: 언어 기능 '구조적 바인딩'에 컴파일러 플래그 '/std:c++17'이(가) 필요합니다.
  (소스 파일 'main.cpp'을(를) 컴파일하는 중)
  
C:\Users\user\Documents\GitHub\NetworkGameProgramming_Project\KarKartrider\KarKartrider\CharacterModel.h(200,13): error C2198: 'PFNGLBUFFERDATAPROC': 호출에 인수가 너무 적습니다.
  (소스 파일 'main.cpp'을(를) 컴파일하는 중)
  
C:\Users\user\Documents\GitHub\NetworkGameProgramming_Project\KarKartrider\KarKartrider\Ui.h(50,31): error C2429: 언어 기능 '구조적 바인딩'에 컴파일러 플래그 '/std:c++17'이(가) 필요합니다.
  (소스 파일 'main.cpp'을(를) 컴파일하는 중)
  
C:\Users\user\Documents\GitHub\NetworkGameProgramming_Project\KarKartrider\KarKartrider\Ui.h(198,21): error C2429: 언어 기능 '구조적 바인딩'에 컴파일러 플래그 '/std:c++17'이(가) 필요합니다.
  (소스 파일 'main.cpp'을(를) 컴파일하는 중)
  
C:\Users\user\Documents\GitHub\NetworkGameProgramming_Project\KarKartrider\KarKartrider\Ui.h(202,13): error C2198: 'PFNGLBUFFERDATAPROC': 호출에 인수가 너무 적습니다.
  (소스 파일 'main.cpp'을(를) 컴파일하는 중)
  
C:\Users\user\Documents\GitHub\NetworkGameProgramming_Project\KarKartrider\KarKartrider\KeyBoard.h(41,13): warning C4305: '-=': 'double'에서 'float'(으)로 잘립니다.
  (소스 파일 'main.cpp'을(를) 컴파일하는 중)
  
C:\Users\user\Documents\GitHub\NetworkGameProgramming_Project\KarKartrider\KarKartrider\KeyBoard.h(44,13): warning C4305: '+=': 'double'에서 'float'(으)로 잘립니다.
  (소스 파일 'main.cpp'을(를) 컴파일하는 중)
  
C:\Users\user\Documents\GitHub\NetworkGameProgramming_Project\KarKartrider\KarKartrider\Debug.h(54,23): error C2429: 언어 기능 '구조적 바인딩'에 컴파일러 플래그 '/std:c++17'이(가) 필요합니다.
  (소스 파일 'main.cpp'을(를) 컴파일하는 중)
  
C:\Users\user\Documents\GitHub\NetworkGameProgramming_Project\KarKartrider\KarKartrider\Debug.h(55,19): error C2593: 'operator <<'이(가) 모호합니다.
  (소스 파일 'main.cpp'을(를) 컴파일하는 중)
      C:\Program Files\Microsoft Visual Studio\2022\Community\VC\Tools\MSVC\14.44.35207\include\__msvc_ostream.hpp(480,39):
      'std::basic_ostream<char,std::char_traits<char>> &std::basic_ostream<char,std::char_traits<char>>::operator <<(std::basic_streambuf<char,std::char_traits<char>> *)'일 수 있습니다.
      C:\Program Files\Microsoft Visual Studio\2022\Community\VC\Tools\MSVC\14.44.35207\include\__msvc_ostream.hpp(448,39):
      또는       'std::basic_ostream<char,std::char_traits<char>> &std::basic_ostream<char,std::char_traits<char>>::operator <<(const void *)'
      C:\Program Files\Microsoft Visual Studio\2022\Community\VC\Tools\MSVC\14.44.35207\include\__msvc_ostream.hpp(430,39):
      또는       'std::basic_ostream<char,std::char_traits<char>> &std::basic_ostream<char,std::char_traits<char>>::operator <<(long double)'
      C:\Program Files\Microsoft Visual Studio\2022\Community\VC\Tools\MSVC\14.44.35207\include\__msvc_ostream.hpp(412,39):
      또는       'std::basic_ostream<char,std::char_traits<char>> &std::basic_ostream<char,std::char_traits<char>>::operator <<(double)'
      C:\Program Files\Microsoft Visual Studio\2022\Community\VC\Tools\MSVC\14.44.35207\include\__msvc_ostream.hpp(394,39):
      또는       'std::basic_ostream<char,std::char_traits<char>> &std::basic_ostream<char,std::char_traits<char>>::operator <<(float)'
      C:\Program Files\Microsoft Visual Studio\2022\Community\VC\Tools\MSVC\14.44.35207\include\__msvc_ostream.hpp(376,39):
      또는       'std::basic_ostream<char,std::char_traits<char>> &std::basic_ostream<char,std::char_traits<char>>::operator <<(unsigned __int64)'
      C:\Program Files\Microsoft Visual Studio\2022\Community\VC\Tools\MSVC\14.44.35207\include\__msvc_ostream.hpp(358,39):
      또는       'std::basic_ostream<char,std::char_traits<char>> &std::basic_ostream<char,std::char_traits<char>>::operator <<(__int64)'
      C:\Program Files\Microsoft Visual Studio\2022\Community\VC\Tools\MSVC\14.44.35207\include\__msvc_ostream.hpp(340,39):
      또는       'std::basic_ostream<char,std::char_traits<char>> &std::basic_ostream<char,std::char_traits<char>>::operator <<(unsigned long)'
      C:\Program Files\Microsoft Visual Studio\2022\Community\VC\Tools\MSVC\14.44.35207\include\__msvc_ostream.hpp(322,39):
      또는       'std::basic_ostream<char,std::char_traits<char>> &std::basic_ostream<char,std::char_traits<char>>::operator <<(long)'
      C:\Program Files\Microsoft Visual Studio\2022\Community\VC\Tools\MSVC\14.44.35207\include\__msvc_ostream.hpp(303,39):
      또는       'std::basic_ostream<char,std::char_traits<char>> &std::basic_ostream<char,std::char_traits<char>>::operator <<(unsigned int)'
      C:\Program Files\Microsoft Visual Studio\2022\Community\VC\Tools\MSVC\14.44.35207\include\__msvc_ostream.hpp(277,39):
      또는       'std::basic_ostream<char,std::char_traits<char>> &std::basic_ostream<char,std::char_traits<char>>::operator <<(int)'
      C:\Program Files\Microsoft Visual Studio\2022\Community\VC\Tools\MSVC\14.44.35207\include\__msvc_ostream.hpp(258,39):
      또는       'std::basic_ostream<char,std::char_traits<char>> &std::basic_ostream<char,std::char_traits<char>>::operator <<(unsigned short)'
      C:\Program Files\Microsoft Visual Studio\2022\Community\VC\Tools\MSVC\14.44.35207\include\__msvc_ostream.hpp(224,39):
      또는       'std::basic_ostream<char,std::char_traits<char>> &std::basic_ostream<char,std::char_traits<char>>::operator <<(short)'
      C:\Program Files\Microsoft Visual Studio\2022\Community\VC\Tools\MSVC\14.44.35207\include\__msvc_ostream.hpp(206,39):
      또는       'std::basic_ostream<char,std::char_traits<char>> &std::basic_ostream<char,std::char_traits<char>>::operator <<(bool)'
      C:\Program Files\Microsoft Visual Studio\2022\Community\VC\Tools\MSVC\14.44.35207\include\__msvc_ostream.hpp(200,39):
      또는       'std::basic_ostream<char,std::char_traits<char>> &std::basic_ostream<char,std::char_traits<char>>::operator <<(std::ios_base &(__cdecl *)(std::ios_base &))'
      C:\Program Files\Microsoft Visual Studio\2022\Community\VC\Tools\MSVC\14.44.35207\include\__msvc_ostream.hpp(194,39):
      또는       'std::basic_ostream<char,std::char_traits<char>> &std::basic_ostream<char,std::char_traits<char>>::operator <<(std::basic_ios<char,std::char_traits<char>> &(__cdecl *)(std::basic_ios<char,std::char_traits<char>> &))'
      C:\Program Files\Microsoft Visual Studio\2022\Community\VC\Tools\MSVC\14.44.35207\include\__msvc_ostream.hpp(189,39):
      또는       'std::basic_ostream<char,std::char_traits<char>> &std::basic_ostream<char,std::char_traits<char>>::operator <<(std::basic_ostream<char,std::char_traits<char>> &(__cdecl *)(std::basic_ostream<char,std::char_traits<char>> &))'
      C:\Program Files\Microsoft Visual Studio\2022\Community\VC\Tools\MSVC\14.44.35207\include\__msvc_ostream.hpp(1031,32):
      또는       'std::basic_ostream<char,std::char_traits<char>> &std::operator <<<char,std::char_traits<char>>(std::basic_ostream<char,std::char_traits<char>> &,const std::error_code &)'
      C:\Program Files\Microsoft Visual Studio\2022\Community\VC\Tools\MSVC\14.44.35207\include\__msvc_ostream.hpp(947,31):
      또는       'std::basic_ostream<char,std::char_traits<char>> &std::operator <<<std::char_traits<char>>(std::basic_ostream<char,std::char_traits<char>> &,unsigned char)'
      C:\Program Files\Microsoft Visual Studio\2022\Community\VC\Tools\MSVC\14.44.35207\include\__msvc_ostream.hpp(941,31):
      또는       'std::basic_ostream<char,std::char_traits<char>> &std::operator <<<std::char_traits<char>>(std::basic_ostream<char,std::char_traits<char>> &,const unsigned char *)'
      C:\Program Files\Microsoft Visual Studio\2022\Community\VC\Tools\MSVC\14.44.35207\include\__msvc_ostream.hpp(936,31):
      또는       'std::basic_ostream<char,std::char_traits<char>> &std::operator <<<std::char_traits<char>>(std::basic_ostream<char,std::char_traits<char>> &,signed char)'
      C:\Program Files\Microsoft Visual Studio\2022\Community\VC\Tools\MSVC\14.44.35207\include\__msvc_ostream.hpp(930,31):
      또는       'std::basic_ostream<char,std::char_traits<char>> &std::operator <<<std::char_traits<char>>(std::basic_ostream<char,std::char_traits<char>> &,const signed char *)'
      C:\Program Files\Microsoft Visual Studio\2022\Community\VC\Tools\MSVC\14.44.35207\include\__msvc_ostream.hpp(813,31):
      또는       'std::basic_ostream<char,std::char_traits<char>> &std::operator <<<std::char_traits<char>>(std::basic_ostream<char,std::char_traits<char>> &,char)'
      C:\Program Files\Microsoft Visual Studio\2022\Community\VC\Tools\MSVC\14.44.35207\include\__msvc_ostream.hpp(768,31):
      또는       'std::basic_ostream<char,std::char_traits<char>> &std::operator <<<std::char_traits<char>>(std::basic_ostream<char,std::char_traits<char>> &,const char *)'
      C:\Program Files\Microsoft Visual Studio\2022\Community\VC\Tools\MSVC\14.44.35207\include\__msvc_ostream.hpp(732,32):
      또는       'std::basic_ostream<char,std::char_traits<char>> &std::operator <<<char,std::char_traits<char>>(std::basic_ostream<char,std::char_traits<char>> &,char)'
      C:\Program Files\Microsoft Visual Studio\2022\Community\VC\Tools\MSVC\14.44.35207\include\__msvc_ostream.hpp(688,32):
      또는       'std::basic_ostream<char,std::char_traits<char>> &std::operator <<<char,std::char_traits<char>>(std::basic_ostream<char,std::char_traits<char>> &,const char *)'
      C:\Users\user\Documents\GitHub\NetworkGameProgramming_Project\KarKartrider\KarKartrider\Debug.h(55,19):
      인수 목록 '(std::basic_ostream<char,std::char_traits<char>>, <error type>)'을(를) 일치시키는 동안
  
C:\Users\user\Documents\GitHub\NetworkGameProgramming_Project\KarKartrider\KarKartrider\Debug.h(84,37): error C2530: 'texture': 참조를 초기화해야 합니다.
  (소스 파일 'main.cpp'을(를) 컴파일하는 중)
  
C:\Users\user\Documents\GitHub\NetworkGameProgramming_Project\KarKartrider\KarKartrider\Debug.h(85,60): error C3536: 'texture': 초기화되기 전에 사용할 수 없습니다.
  (소스 파일 'main.cpp'을(를) 컴파일하는 중)
  
C:\Users\user\Documents\GitHub\NetworkGameProgramming_Project\KarKartrider\KarKartrider\MapModel.h(51,22): error C2429: 언어 기능 '구조적 바인딩'에 컴파일러 플래그 '/std:c++17'이(가) 필요합니다.
  (소스 파일 'main.cpp'을(를) 컴파일하는 중)
  
C:\Users\user\Documents\GitHub\NetworkGameProgramming_Project\KarKartrider\KarKartrider\MapModel.h(197,15): error C2429: 언어 기능 '구조적 바인딩'에 컴파일러 플래그 '/std:c++17'이(가) 필요합니다.
  (소스 파일 'main.cpp'을(를) 컴파일하는 중)
  
C:\Users\user\Documents\GitHub\NetworkGameProgramming_Project\KarKartrider\KarKartrider\MapModel.h(201,4): error C2198: 'PFNGLBUFFERDATAPROC': 호출에 인수가 너무 적습니다.
  (소스 파일 'main.cpp'을(를) 컴파일하는 중)
  
C:\Users\user\Documents\GitHub\NetworkGameProgramming_Project\KarKartrider\KarKartrider\BarricateMap1Model.h(53,22): error C2429: 언어 기능 '구조적 바인딩'에 컴파일러 플래그 '/std:c++17'이(가) 필요합니다.
  (소스 파일 'main.cpp'을(를) 컴파일하는 중)
  
C:\Users\user\Documents\GitHub\NetworkGameProgramming_Project\KarKartrider\KarKartrider\BarricateMap1Model.h(198,15): error C2429: 언어 기능 '구조적 바인딩'에 컴파일러 플래그 '/std:c++17'이(가) 필요합니다.
  (소스 파일 'main.cpp'을(를) 컴파일하는 중)
  
C:\Users\user\Documents\GitHub\NetworkGameProgramming_Project\KarKartrider\KarKartrider\BarricateMap1Model.h(202,4): error C2198: 'PFNGLBUFFERDATAPROC': 호출에 인수가 너무 적습니다.
  (소스 파일 'main.cpp'을(를) 컴파일하는 중)
  
C:\Users\user\Documents\GitHub\NetworkGameProgramming_Project\KarKartrider\KarKartrider\Ui_v2.h(55,31): error C2429: 언어 기능 '구조적 바인딩'에 컴파일러 플래그 '/std:c++17'이(가) 필요합니다.
  (소스 파일 'main.cpp'을(를) 컴파일하는 중)
  
C:\Users\user\Documents\GitHub\NetworkGameProgramming_Project\KarKartrider\KarKartrider\Ui_v2.h(186,21): error C2429: 언어 기능 '구조적 바인딩'에 컴파일러 플래그 '/std:c++17'이(가) 필요합니다.
  (소스 파일 'main.cpp'을(를) 컴파일하는 중)
  
C:\Users\user\Documents\GitHub\NetworkGameProgramming_Project\KarKartrider\KarKartrider\Ui_v2.h(190,13): error C2198: 'PFNGLBUFFERDATAPROC': 호출에 인수가 너무 적습니다.
  (소스 파일 'main.cpp'을(를) 컴파일하는 중)
  
  Mode.cpp
