  Building Custom Rule C:/Mac/Home/Documents/bullet3/src/BulletSoftBody/CMakeLists.txt
C:\Program Files\Microsoft Visual Studio\2022\Community\MSBuild\Microsoft\VC\v170\Microsoft.CppCommon.targets(254,5): warning MSB8064: "C:\Mac\Home\Documents\bullet3\src\BulletSoftBody\CMakeLists.txt" 항목에 대한 사용자 지정 빌드에 성공했지만 지정한 종속성 "c:\mac\home\documents\bullet3\src\bulletsoftbody\cmakelists.txt"이(가) 없습니다. 이 오류로 인해 증분 빌드가 제대로 작동하지 않을 수 있습니다.
C:\Program Files\Microsoft Visual Studio\2022\Community\MSBuild\Microsoft\VC\v170\Microsoft.CppCommon.targets(254,5): warning MSB8065: "C:\Mac\Home\Documents\bullet3\src\BulletSoftBody\CMakeLists.txt" 항목에 대한 사용자 지정 빌드에 성공했지만 지정한 출력 "c:\mac\home\documents\bullet3\build\src\bulletsoftbody\cmakefiles\generate.stamp"이(가) 생성되지 않았습니다. 이 오류로 인해 증분 빌드가 제대로 작동하지 않을 수 있습니다.
  btSoftBody.cpp
  btSoftBodyConcaveCollisionAlgorithm.cpp
  btSoftBodyHelpers.cpp
  btSoftBodyRigidBodyCollisionConfiguration.cpp
  btSoftRigidCollisionAlgorithm.cpp
  btSoftRigidDynamicsWorld.cpp
  btSoftMultiBodyDynamicsWorld.cpp
  btSoftSoftCollisionAlgorithm.cpp
  btDefaultSoftBodySolver.cpp
  btDeformableBackwardEulerObjective.cpp
  btDeformableBodySolver.cpp
  btDeformableMultiBodyConstraintSolver.cpp
  btDeformableContactProjection.cpp
  btDeformableMultiBodyDynamicsWorld.cpp
  btDeformableContactConstraint.cpp
  poly34.cpp
  btReducedDeformableBody.cpp
  btReducedDeformableBodyHelpers.cpp
C:\Mac\Home\Documents\bullet3\src\BulletSoftBody\BulletReducedDeformableBody\btReducedDeformableBodyHelpers.cpp(191,20): warning C4018: '<': signed 또는 unsigned가 일치하지 않습니다.
C:\Mac\Home\Documents\bullet3\src\BulletSoftBody\BulletReducedDeformableBody\btReducedDeformableBodyHelpers.cpp(193,21): warning C4018: '<': signed 또는 unsigned가 일치하지 않습니다.
  btReducedDeformableBodySolver.cpp
  btReducedDeformableContactConstraint.cpp
  코드를 생성하고 있습니다...
C:\Mac\Home\Documents\bullet3\src\BulletSoftBody\poly34.cpp(432,1): warning C4756: 상수 산술 연산에서 오버플로가 발생했습니다.
  BulletSoftBody.vcxproj -> C:\Mac\Home\Documents\bullet3\build\lib\Debug\BulletSoftBody_Debug.lib
